2020/01/02 14:30:26 Starting News Agent
2020/01/02 14:43:19 Closing Database
2020/01/02 14:43:22 Starting News Agent
2020/01/02 14:45:29 http: panic serving 127.0.0.1:34700: runtime error: invalid memory address or nil pointer dereference
goroutine 22 [running]:
net/http.(*conn).serve.func1(0xc0000c5720)
	/usr/local/go/src/net/http/server.go:1767 +0x139
panic(0x906380, 0xdaa280)
	/usr/local/go/src/runtime/panic.go:679 +0x1b2
github.com/jpramirez/HundredDaysOfCode/DayOne/pkg/web/app.(*MainWebApp).ImportFullDataSet(0xc00008e780, 0xa5e220, 0xc0001360e0, 0xc0000c6700)
	/home/shellcheff/projects/src/github.com/jpramirez/HundredDaysOfCode/DayOne/pkg/web/app/webapp.go:101 +0x3bc
net/http.HandlerFunc.ServeHTTP(0xc00009bf90, 0xa5e220, 0xc0001360e0, 0xc0000c6700)
	/usr/local/go/src/net/http/server.go:2007 +0x44
github.com/gorilla/mux.(*Router).ServeHTTP(0xc0001300c0, 0xa5e220, 0xc0001360e0, 0xc0000c6700)
	/home/shellcheff/projects/src/github.com/gorilla/mux/mux.go:215 +0x100
github.com/jpramirez/HundredDaysOfCode/DayOne/pkg/web/app.(*MainWebApp).ServeHTTP(0xc00008e780, 0xa5e220, 0xc0001360e0, 0xc0000c6600)
	/home/shellcheff/projects/src/github.com/jpramirez/HundredDaysOfCode/DayOne/pkg/web/app/webapp.go:47 +0x4c
net/http.serverHandler.ServeHTTP(0xc000136000, 0xa5e220, 0xc0001360e0, 0xc0000c6600)
	/usr/local/go/src/net/http/server.go:2802 +0xa4
net/http.(*conn).serve(0xc0000c5720, 0xa5f820, 0xc000089680)
	/usr/local/go/src/net/http/server.go:1890 +0x875
created by net/http.(*Server).Serve
	/usr/local/go/src/net/http/server.go:2927 +0x38e
2020/01/02 14:45:33 Closing Database
2020/01/02 14:45:34 Starting News Agent
2020/01/02 14:45:53 Closing Database
2020/01/02 14:46:46 Starting News Agent
2020/01/02 14:46:49 Closing Database
2020/01/02 14:46:53 Starting News Agent
2020/01/02 14:56:57 no BadgerDB GC occurred: Value log GC attempt didn't result in any cleanup
2020/01/02 14:59:50 Closing Database
2020/01/02 14:59:51 Starting News Agent
2020/01/02 15:09:55 no BadgerDB GC occurred: Value log GC attempt didn't result in any cleanup
2020/01/02 15:11:51 Closing Database
2020/01/02 15:11:52 Starting News Agent
2020/01/02 15:21:58 no BadgerDB GC occurred: Value log GC attempt didn't result in any cleanup
2020/01/02 15:31:58 no BadgerDB GC occurred: Value log GC attempt didn't result in any cleanup
2020/01/02 15:40:08 Closing Database
2020/01/02 15:50:18 Starting News Agent
2020/01/02 16:00:25 no BadgerDB GC occurred: Value log GC attempt didn't result in any cleanup
2020/01/02 16:10:25 no BadgerDB GC occurred: Value log GC attempt didn't result in any cleanup
2020/01/02 16:20:25 no BadgerDB GC occurred: Value log GC attempt didn't result in any cleanup
2020/01/02 16:30:25 no BadgerDB GC occurred: Value log GC attempt didn't result in any cleanup
2020/01/02 16:40:25 no BadgerDB GC occurred: Value log GC attempt didn't result in any cleanup
2020/01/02 16:50:25 no BadgerDB GC occurred: Value log GC attempt didn't result in any cleanup
2020/01/02 17:00:25 no BadgerDB GC occurred: Value log GC attempt didn't result in any cleanup
2020/01/02 17:10:25 no BadgerDB GC occurred: Value log GC attempt didn't result in any cleanup
2020/01/02 17:20:25 no BadgerDB GC occurred: Value log GC attempt didn't result in any cleanup
2020/01/02 17:30:25 no BadgerDB GC occurred: Value log GC attempt didn't result in any cleanup
2020/01/02 17:40:25 no BadgerDB GC occurred: Value log GC attempt didn't result in any cleanup
2020/01/02 17:50:25 no BadgerDB GC occurred: Value log GC attempt didn't result in any cleanup
2020/01/02 17:59:40 Starting News Agent
2020/01/02 18:03:19 Closing Database
2020/01/02 18:03:45 Starting News Agent
2020/01/02 18:04:03 http: panic serving 127.0.0.1:37820: runtime error: invalid memory address or nil pointer dereference
goroutine 18 [running]:
net/http.(*conn).serve.func1(0xc000134000)
	/usr/local/go/src/net/http/server.go:1767 +0x139
panic(0x906560, 0xdab280)
	/usr/local/go/src/runtime/panic.go:679 +0x1b2
github.com/jpramirez/HundredDaysOfCode/DayOne/pkg/web/app.(*MainWebApp).GetFullDataSet(0xc000001c80, 0xa5ea00, 0xc00011a1c0, 0xc0000aa800)
	/home/shellcheff/projects/src/github.com/jpramirez/HundredDaysOfCode/DayOne/pkg/web/app/webapp.go:133 +0x20e
net/http.HandlerFunc.ServeHTTP(0xc000116000, 0xa5ea00, 0xc00011a1c0, 0xc0000aa800)
	/usr/local/go/src/net/http/server.go:2007 +0x44
github.com/gorilla/mux.(*Router).ServeHTTP(0xc0001120c0, 0xa5ea00, 0xc00011a1c0, 0xc0000aa800)
	/home/shellcheff/projects/src/github.com/gorilla/mux/mux.go:215 +0x100
github.com/jpramirez/HundredDaysOfCode/DayOne/pkg/web/app.(*MainWebApp).ServeHTTP(0xc000001c80, 0xa5ea00, 0xc00011a1c0, 0xc0000aa600)
	/home/shellcheff/projects/src/github.com/jpramirez/HundredDaysOfCode/DayOne/pkg/web/app/webapp.go:48 +0x4c
net/http.serverHandler.ServeHTTP(0xc00011a000, 0xa5ea00, 0xc00011a1c0, 0xc0000aa600)
	/usr/local/go/src/net/http/server.go:2802 +0xa4
net/http.(*conn).serve(0xc000134000, 0xa60000, 0xc00006f6c0)
	/usr/local/go/src/net/http/server.go:1890 +0x875
created by net/http.(*Server).Serve
	/usr/local/go/src/net/http/server.go:2927 +0x38e
2020/01/02 18:04:17 http: panic serving 127.0.0.1:37826: runtime error: invalid memory address or nil pointer dereference
goroutine 200 [running]:
net/http.(*conn).serve.func1(0xc0057d8d20)
	/usr/local/go/src/net/http/server.go:1767 +0x139
panic(0x906560, 0xdab280)
	/usr/local/go/src/runtime/panic.go:679 +0x1b2
github.com/jpramirez/HundredDaysOfCode/DayOne/pkg/web/app.(*MainWebApp).GetFullDataSet(0xc000001c80, 0xa5ea00, 0xc0059fe000, 0xc005a02100)
	/home/shellcheff/projects/src/github.com/jpramirez/HundredDaysOfCode/DayOne/pkg/web/app/webapp.go:133 +0x20e
net/http.HandlerFunc.ServeHTTP(0xc000116000, 0xa5ea00, 0xc0059fe000, 0xc005a02100)
	/usr/local/go/src/net/http/server.go:2007 +0x44
github.com/gorilla/mux.(*Router).ServeHTTP(0xc0001120c0, 0xa5ea00, 0xc0059fe000, 0xc005a02100)
	/home/shellcheff/projects/src/github.com/gorilla/mux/mux.go:215 +0x100
github.com/jpramirez/HundredDaysOfCode/DayOne/pkg/web/app.(*MainWebApp).ServeHTTP(0xc000001c80, 0xa5ea00, 0xc0059fe000, 0xc0054ce100)
	/home/shellcheff/projects/src/github.com/jpramirez/HundredDaysOfCode/DayOne/pkg/web/app/webapp.go:48 +0x4c
net/http.serverHandler.ServeHTTP(0xc00011a000, 0xa5ea00, 0xc0059fe000, 0xc0054ce100)
	/usr/local/go/src/net/http/server.go:2802 +0xa4
net/http.(*conn).serve(0xc0057d8d20, 0xa60000, 0xc00581d340)
	/usr/local/go/src/net/http/server.go:1890 +0x875
created by net/http.(*Server).Serve
	/usr/local/go/src/net/http/server.go:2927 +0x38e
2020/01/02 18:04:33 http: panic serving 127.0.0.1:37828: runtime error: invalid memory address or nil pointer dereference
goroutine 271 [running]:
net/http.(*conn).serve.func1(0xc005916e60)
	/usr/local/go/src/net/http/server.go:1767 +0x139
panic(0x906560, 0xdab280)
	/usr/local/go/src/runtime/panic.go:679 +0x1b2
github.com/jpramirez/HundredDaysOfCode/DayOne/pkg/web/app.(*MainWebApp).GetFullDataSet(0xc000001c80, 0xa5ea00, 0xc0059fe0e0, 0xc005a02300)
	/home/shellcheff/projects/src/github.com/jpramirez/HundredDaysOfCode/DayOne/pkg/web/app/webapp.go:133 +0x20e
net/http.HandlerFunc.ServeHTTP(0xc000116000, 0xa5ea00, 0xc0059fe0e0, 0xc005a02300)
	/usr/local/go/src/net/http/server.go:2007 +0x44
github.com/gorilla/mux.(*Router).ServeHTTP(0xc0001120c0, 0xa5ea00, 0xc0059fe0e0, 0xc005a02300)
	/home/shellcheff/projects/src/github.com/gorilla/mux/mux.go:215 +0x100
github.com/jpramirez/HundredDaysOfCode/DayOne/pkg/web/app.(*MainWebApp).ServeHTTP(0xc000001c80, 0xa5ea00, 0xc0059fe0e0, 0xc0000aa900)
	/home/shellcheff/projects/src/github.com/jpramirez/HundredDaysOfCode/DayOne/pkg/web/app/webapp.go:48 +0x4c
net/http.serverHandler.ServeHTTP(0xc00011a000, 0xa5ea00, 0xc0059fe0e0, 0xc0000aa900)
	/usr/local/go/src/net/http/server.go:2802 +0xa4
net/http.(*conn).serve(0xc005916e60, 0xa60000, 0xc00598ee00)
	/usr/local/go/src/net/http/server.go:1890 +0x875
created by net/http.(*Server).Serve
	/usr/local/go/src/net/http/server.go:2927 +0x38e
2020/01/02 18:04:42 http: panic serving 127.0.0.1:37834: runtime error: invalid memory address or nil pointer dereference
goroutine 272 [running]:
net/http.(*conn).serve.func1(0xc005916f00)
	/usr/local/go/src/net/http/server.go:1767 +0x139
panic(0x906560, 0xdab280)
	/usr/local/go/src/runtime/panic.go:679 +0x1b2
github.com/jpramirez/HundredDaysOfCode/DayOne/pkg/web/app.(*MainWebApp).GetFullDataSet(0xc000001c80, 0xa5ea00, 0xc0059fe1c0, 0xc005a02500)
	/home/shellcheff/projects/src/github.com/jpramirez/HundredDaysOfCode/DayOne/pkg/web/app/webapp.go:133 +0x20e
net/http.HandlerFunc.ServeHTTP(0xc000116000, 0xa5ea00, 0xc0059fe1c0, 0xc005a02500)
	/usr/local/go/src/net/http/server.go:2007 +0x44
github.com/gorilla/mux.(*Router).ServeHTTP(0xc0001120c0, 0xa5ea00, 0xc0059fe1c0, 0xc005a02500)
	/home/shellcheff/projects/src/github.com/gorilla/mux/mux.go:215 +0x100
github.com/jpramirez/HundredDaysOfCode/DayOne/pkg/web/app.(*MainWebApp).ServeHTTP(0xc000001c80, 0xa5ea00, 0xc0059fe1c0, 0xc0000aaa00)
	/home/shellcheff/projects/src/github.com/jpramirez/HundredDaysOfCode/DayOne/pkg/web/app/webapp.go:48 +0x4c
net/http.serverHandler.ServeHTTP(0xc00011a000, 0xa5ea00, 0xc0059fe1c0, 0xc0000aaa00)
	/usr/local/go/src/net/http/server.go:2802 +0xa4
net/http.(*conn).serve(0xc005916f00, 0xa60000, 0xc00598ee80)
	/usr/local/go/src/net/http/server.go:1890 +0x875
created by net/http.(*Server).Serve
	/usr/local/go/src/net/http/server.go:2927 +0x38e
2020/01/02 18:04:54 Closing Database
2020/01/02 18:04:56 Starting News Agent
2020/01/02 18:06:06 Closing Database
2020/01/02 18:06:14 Starting News Agent
2020/01/02 18:06:54 http: panic serving 127.0.0.1:37866: runtime error: invalid memory address or nil pointer dereference
goroutine 22 [running]:
net/http.(*conn).serve.func1(0xc0000c3900)
	/usr/local/go/src/net/http/server.go:1767 +0x139
panic(0x906560, 0xdab280)
	/usr/local/go/src/runtime/panic.go:679 +0x1b2
github.com/jpramirez/HundredDaysOfCode/DayOne/pkg/web/app.(*MainWebApp).GetFullDataSet(0xc00008c780, 0xa5e9e0, 0xc0001381c0, 0xc00598e100)
	/home/shellcheff/projects/src/github.com/jpramirez/HundredDaysOfCode/DayOne/pkg/web/app/webapp.go:133 +0x20e
net/http.HandlerFunc.ServeHTTP(0xc000099ff0, 0xa5e9e0, 0xc0001381c0, 0xc00598e100)
	/usr/local/go/src/net/http/server.go:2007 +0x44
github.com/gorilla/mux.(*Router).ServeHTTP(0xc0001300c0, 0xa5e9e0, 0xc0001381c0, 0xc00598e100)
	/home/shellcheff/projects/src/github.com/gorilla/mux/mux.go:215 +0x100
github.com/jpramirez/HundredDaysOfCode/DayOne/pkg/web/app.(*MainWebApp).ServeHTTP(0xc00008c780, 0xa5e9e0, 0xc0001381c0, 0xc0000c4600)
	/home/shellcheff/projects/src/github.com/jpramirez/HundredDaysOfCode/DayOne/pkg/web/app/webapp.go:48 +0x4c
net/http.serverHandler.ServeHTTP(0xc000138000, 0xa5e9e0, 0xc0001381c0, 0xc0000c4600)
	/usr/local/go/src/net/http/server.go:2802 +0xa4
net/http.(*conn).serve(0xc0000c3900, 0xa5ffe0, 0xc0000d5640)
	/usr/local/go/src/net/http/server.go:1890 +0x875
created by net/http.(*Server).Serve
	/usr/local/go/src/net/http/server.go:2927 +0x38e
2020/01/02 18:07:37 Closing Database
2020/01/02 18:07:38 Starting News Agent
2020/01/02 18:09:34 Closing Database
2020/01/02 18:09:39 Starting News Agent
2020/01/02 18:10:22 Closing Database
2020/01/02 18:10:37 Starting News Agent
2020/01/02 18:11:27 Closing Database
2020/01/02 18:11:28 Starting News Agent
2020/01/02 18:24:13 Closing Database
2020/01/02 18:24:17 Starting News Agent
2020/01/02 18:27:19 Closing Database
2020/01/02 18:27:20 Starting News Agent
2020/01/02 18:28:07 Closing Database
2020/01/02 18:28:08 Starting News Agent
2020/01/02 18:52:47 Closing Database
